Wed Oct 23 17:14:36 2024  [TRACE] PilStark: --> BUILD_CONST_TREE starting...
Wed Oct 23 17:14:36 2024  [TRACE] PilStark: --> LOADING_CONST_POLS starting...
Wed Oct 23 17:14:36 2024  [TRACE] PilStark: <-- LOADING_CONST_POLS done: 0.025287 s
Wed Oct 23 17:14:36 2024  [TRACE] PilStark: --> EXTEND_CONST_POLS starting...
Wed Oct 23 17:14:36 2024  [TRACE] PilStark: <-- EXTEND_CONST_POLS done: 0.329045 s
Wed Oct 23 17:14:36 2024  [TRACE] PilStark: --> MERKELIZE_CONST_TREE starting...
Wed Oct 23 17:14:36 2024  [TRACE] PilStark: <-- MERKELIZE_CONST_TREE done: 0.411992 s
Wed Oct 23 17:14:36 2024  [TRACE] PilStark: --> GENERATING_FILES starting...
Wed Oct 23 17:14:36 2024  [TRACE] PilStark: <-- GENERATING_FILES done: 0.000853 s
Wed Oct 23 17:14:36 2024  [TRACE] PilStark: <-- BUILD_CONST_TREE done: 0.816646 s
Wed Oct 23 17:14:48 2024  [TRACE] PilStark: --> BUILD_CONST_TREE starting...
Wed Oct 23 17:14:48 2024  [TRACE] PilStark: --> LOADING_CONST_POLS starting...
Wed Oct 23 17:14:48 2024  [TRACE] PilStark: <-- LOADING_CONST_POLS done: 0.019580 s
Wed Oct 23 17:14:48 2024  [TRACE] PilStark: --> EXTEND_CONST_POLS starting...
Wed Oct 23 17:14:48 2024  [TRACE] PilStark: <-- EXTEND_CONST_POLS done: 0.250779 s
Wed Oct 23 17:14:48 2024  [TRACE] PilStark: --> MERKELIZE_CONST_TREE starting...
Wed Oct 23 17:14:48 2024  [TRACE] PilStark: <-- MERKELIZE_CONST_TREE done: 0.357607 s
Wed Oct 23 17:14:48 2024  [TRACE] PilStark: --> GENERATING_FILES starting...
Wed Oct 23 17:14:48 2024  [TRACE] PilStark: <-- GENERATING_FILES done: 0.000834 s
Wed Oct 23 17:14:48 2024  [TRACE] PilStark: <-- BUILD_CONST_TREE done: 0.669704 s
Wed Oct 23 17:15:03 2024  [TRACE] PilStark: --> BUILD_CONST_TREE starting...
Wed Oct 23 17:15:03 2024  [TRACE] PilStark: --> LOADING_CONST_POLS starting...
Wed Oct 23 17:15:03 2024  [TRACE] PilStark: <-- LOADING_CONST_POLS done: 0.010538 s
Wed Oct 23 17:15:03 2024  [TRACE] PilStark: --> EXTEND_CONST_POLS starting...
Wed Oct 23 17:15:04 2024  [TRACE] PilStark: <-- EXTEND_CONST_POLS done: 0.246668 s
Wed Oct 23 17:15:04 2024  [TRACE] PilStark: --> MERKELIZE_CONST_TREE starting...
Wed Oct 23 17:15:04 2024  [TRACE] PilStark: <-- MERKELIZE_CONST_TREE done: 0.374495 s
Wed Oct 23 17:15:04 2024  [TRACE] PilStark: --> GENERATING_FILES starting...
Wed Oct 23 17:15:04 2024  [TRACE] PilStark: <-- GENERATING_FILES done: 0.000742 s
Wed Oct 23 17:15:04 2024  [TRACE] PilStark: <-- BUILD_CONST_TREE done: 0.664482 s
Wed Oct 23 17:15:59 2024  [TRACE] PilStark: --> BUILD_CONST_TREE starting...
Wed Oct 23 17:15:59 2024  [TRACE] PilStark: --> LOADING_CONST_POLS starting...
Wed Oct 23 17:15:59 2024  [TRACE] PilStark: <-- LOADING_CONST_POLS done: 0.067338 s
Wed Oct 23 17:15:59 2024  [TRACE] PilStark: --> EXTEND_CONST_POLS starting...
Wed Oct 23 17:15:59 2024  [TRACE] PilStark: <-- EXTEND_CONST_POLS done: 0.624742 s
Wed Oct 23 17:15:59 2024  [TRACE] PilStark: --> MERKELIZE_CONST_TREE starting...
Wed Oct 23 17:16:01 2024  [TRACE] PilStark: <-- MERKELIZE_CONST_TREE done: 1.281508 s
Wed Oct 23 17:16:01 2024  [TRACE] PilStark: --> GENERATING_FILES starting...
Wed Oct 23 17:16:01 2024  [TRACE] PilStark: <-- GENERATING_FILES done: 0.000920 s
Wed Oct 23 17:16:01 2024  [TRACE] PilStark: <-- BUILD_CONST_TREE done: 2.096424 s
Wed Oct 23 17:16:10 2024  [TRACE] PilStark: --> BUILD_CONST_TREE starting...
Wed Oct 23 17:16:10 2024  [TRACE] PilStark: --> LOADING_CONST_POLS starting...
Wed Oct 23 17:16:10 2024  [TRACE] PilStark: <-- LOADING_CONST_POLS done: 0.010550 s
Wed Oct 23 17:16:10 2024  [TRACE] PilStark: --> EXTEND_CONST_POLS starting...
Wed Oct 23 17:16:10 2024  [TRACE] PilStark: <-- EXTEND_CONST_POLS done: 0.236240 s
Wed Oct 23 17:16:10 2024  [TRACE] PilStark: --> MERKELIZE_CONST_TREE starting...
Wed Oct 23 17:16:11 2024  [TRACE] PilStark: <-- MERKELIZE_CONST_TREE done: 0.415611 s
Wed Oct 23 17:16:11 2024  [TRACE] PilStark: --> GENERATING_FILES starting...
Wed Oct 23 17:16:11 2024  [TRACE] PilStark: <-- GENERATING_FILES done: 0.000929 s
Wed Oct 23 17:16:11 2024  [TRACE] PilStark: <-- BUILD_CONST_TREE done: 0.693364 s
Wed Oct 23 17:16:59 2024  [TRACE] PilStark: --> BUILD_CONST_TREE starting...
Wed Oct 23 17:16:59 2024  [TRACE] PilStark: --> LOADING_CONST_POLS starting...
Wed Oct 23 17:16:59 2024  [TRACE] PilStark: <-- LOADING_CONST_POLS done: 0.073273 s
Wed Oct 23 17:16:59 2024  [TRACE] PilStark: --> EXTEND_CONST_POLS starting...
Wed Oct 23 17:16:59 2024  [TRACE] PilStark: <-- EXTEND_CONST_POLS done: 0.625524 s
Wed Oct 23 17:16:59 2024  [TRACE] PilStark: --> MERKELIZE_CONST_TREE starting...
Wed Oct 23 17:17:01 2024  [TRACE] PilStark: <-- MERKELIZE_CONST_TREE done: 1.321607 s
Wed Oct 23 17:17:01 2024  [TRACE] PilStark: --> GENERATING_FILES starting...
Wed Oct 23 17:17:01 2024  [TRACE] PilStark: <-- GENERATING_FILES done: 0.001027 s
Wed Oct 23 17:17:01 2024  [TRACE] PilStark: <-- BUILD_CONST_TREE done: 2.139875 s
Wed Oct 23 17:18:20 2024  [TRACE] PilStark: --> BUILD_CONST_TREE starting...
Wed Oct 23 17:18:20 2024  [TRACE] PilStark: --> LOADING_CONST_POLS starting...
Wed Oct 23 17:18:20 2024  [TRACE] PilStark: <-- LOADING_CONST_POLS done: 0.107229 s
Wed Oct 23 17:18:20 2024  [TRACE] PilStark: --> EXTEND_CONST_POLS starting...
Wed Oct 23 17:18:21 2024  [TRACE] PilStark: <-- EXTEND_CONST_POLS done: 1.613800 s
Wed Oct 23 17:18:21 2024  [TRACE] PilStark: --> MERKELIZE_CONST_TREE starting...
Wed Oct 23 17:18:23 2024  [TRACE] PilStark: <-- MERKELIZE_CONST_TREE done: 1.664760 s
Wed Oct 23 17:18:23 2024  [TRACE] PilStark: --> GENERATING_FILES starting...
Wed Oct 23 17:18:23 2024  [TRACE] PilStark: <-- GENERATING_FILES done: 0.001061 s
Wed Oct 23 17:18:23 2024  [TRACE] PilStark: <-- BUILD_CONST_TREE done: 3.656612 s
